<?xml version="1.0" encoding="UTF-8"?>
<testng-results skipped="0" failed="0" ignored="0" total="1" passed="1">
  <reporter-output>
  </reporter-output>
  <suite name="Command line suite" duration-ms="57001" started-at="2019-11-14T08:13:03Z" finished-at="2019-11-14T08:14:00Z">
    <groups>
    </groups>
    <test name="Command line test" duration-ms="57001" started-at="2019-11-14T08:13:03Z" finished-at="2019-11-14T08:14:00Z">
      <class name="com.testcases.TestScenario1">
        <test-method status="PASS" signature="beforeTest()[pri:0, instance:com.testcases.TestScenario1@3ecf72fd]" name="beforeTest" is-config="true" duration-ms="28089" started-at="2019-11-14T08:13:03Z" finished-at="2019-11-14T08:13:31Z">
          <reporter-output>
          </reporter-output>
        </test-method> <!-- beforeTest -->
        <test-method status="PASS" signature="firstTest()[pri:1, instance:com.testcases.TestScenario1@3ecf72fd]" name="firstTest" duration-ms="27858" started-at="2019-11-14T08:13:31Z" finished-at="2019-11-14T08:13:59Z">
          <reporter-output>
          </reporter-output>
        </test-method> <!-- firstTest -->
        <test-method status="PASS" signature="tearDown()[pri:0, instance:com.testcases.TestScenario1@3ecf72fd]" name="tearDown" is-config="true" duration-ms="729" started-at="2019-11-14T08:13:59Z" finished-at="2019-11-14T08:14:00Z">
          <reporter-output>
          </reporter-output>
        </test-method> <!-- tearDown -->
      </class> <!-- com.testcases.TestScenario1 -->
    </test> <!-- Command line test -->
  </suite> <!-- Command line suite -->
</testng-results>
