<?xml version="1.0" encoding="UTF-8"?>
<testng-results skipped="0" failed="0" ignored="0" total="1" passed="1">
  <reporter-output>
  </reporter-output>
  <suite name="Default suite" duration-ms="47295" started-at="2019-11-14T09:09:06Z" finished-at="2019-11-14T09:09:54Z">
    <groups>
    </groups>
    <test name="Default test" duration-ms="47295" started-at="2019-11-14T09:09:06Z" finished-at="2019-11-14T09:09:54Z">
      <class name="com.testcases.willisICTSearchTest">
        <test-method status="PASS" signature="beforeTest()[pri:0, instance:com.testcases.willisICTSearchTest@43bd930a]" name="beforeTest" is-config="true" duration-ms="23464" started-at="2019-11-14T09:09:06Z" finished-at="2019-11-14T09:09:30Z">
          <reporter-output>
          </reporter-output>
        </test-method> <!-- beforeTest -->
        <test-method status="PASS" signature="firstTest()[pri:1, instance:com.testcases.willisICTSearchTest@43bd930a]" name="firstTest" duration-ms="23039" started-at="2019-11-14T09:09:30Z" finished-at="2019-11-14T09:09:53Z">
          <reporter-output>
          </reporter-output>
        </test-method> <!-- firstTest -->
        <test-method status="PASS" signature="tearDown()[pri:0, instance:com.testcases.willisICTSearchTest@43bd930a]" name="tearDown" is-config="true" duration-ms="730" started-at="2019-11-14T09:09:53Z" finished-at="2019-11-14T09:09:54Z">
          <reporter-output>
          </reporter-output>
        </test-method> <!-- tearDown -->
      </class> <!-- com.testcases.willisICTSearchTest -->
    </test> <!-- Default test -->
  </suite> <!-- Default suite -->
</testng-results>
